<?xml version="1.0" encoding="UTF-8"?>
<!-- Generated by org.testng.reporters.JUnitReportReporter -->
<testsuite skipped="0" hostname="LAPTOP-OJIPPDE6" name="com.automation.AppTest" tests="1" failures="0" timestamp="13 Dec 2021 09:53:04 GMT" time="0.015" errors="0">
  <testcase name="shouldAnswerWithTrue" time="0.015" classname="com.automation.AppTest"/>
</testsuite> <!-- com.automation.AppTest -->
